
*** Running vivado
    with args -log system_util_clkdiv_0_0.vds -m64 -product Vivado -mode batch -messageDb vivado.pb -notrace -source system_util_clkdiv_0_0.tcl



****** Vivado v2021.2 (64-bit)
  **** SW Build 3367213 on Tue Oct 19 02:48:09 MDT 2021
  **** IP Build 3369179 on Thu Oct 21 08:25:16 MDT 2021
    ** Copyright 1986-2021 Xilinx, Inc. All Rights Reserved.

source system_util_clkdiv_0_0.tcl -notrace
create_project: Time (s): cpu = 00:00:06 ; elapsed = 00:00:10 . Memory (MB): peak = 1365.246 ; gain = 0.000
INFO: [IP_Flow 19-234] Refreshing IP repositories
INFO: [IP_Flow 19-1700] Loaded user IP repository 'd:/zc706_ad9361/zc706_ad9361.srcs/sources_1/new/wr_rd'.
INFO: [IP_Flow 19-1700] Loaded user IP repository 'd:/zc706_ad9361/zc706_ad9361.srcs/sources_1/new/adc_fifo'.
INFO: [IP_Flow 19-1700] Loaded user IP repository 'd:/zc706_ad9361/user_ip'.
INFO: [IP_Flow 19-1700] Loaded user IP repository 'd:/zc706_ad9361/zc706_ad9361.srcs/sources_1/bd/system/ip'.
INFO: [IP_Flow 19-2313] Loaded Vivado IP repository 'G:/vivado.2021.2/Vivado/2021.2/data/ip'.
Command: synth_design -top system_util_clkdiv_0_0 -part xc7z045ffg900-2 -mode out_of_context
Starting synth_design
Attempting to get a license for feature 'Synthesis' and/or device 'xc7z045'
INFO: [Common 17-349] Got license for feature 'Synthesis' and/or device 'xc7z045'
INFO: [Device 21-403] Loading part xc7z045ffg900-2
INFO: [Synth 8-7079] Multithreading enabled for synth_design using a maximum of 2 processes.
INFO: [Synth 8-7078] Launching helper process for spawning children vivado processes
INFO: [Synth 8-7075] Helper process launched with PID 9008
---------------------------------------------------------------------------------
Starting RTL Elaboration : Time (s): cpu = 00:00:07 ; elapsed = 00:00:10 . Memory (MB): peak = 1365.246 ; gain = 0.000
---------------------------------------------------------------------------------
INFO: [Synth 8-6157] synthesizing module 'system_util_clkdiv_0_0' [d:/zc706_ad9361/zc706_ad9361.gen/sources_1/bd/system/ip/system_util_clkdiv_0_0/synth/system_util_clkdiv_0_0.v:57]
INFO: [Synth 8-6157] synthesizing module 'util_clkdiv' [d:/zc706_ad9361/zc706_ad9361.gen/sources_1/bd/system/ipshared/24b1/util_clkdiv.v:38]
INFO: [Synth 8-6157] synthesizing module 'BUFR' [G:/vivado.2021.2/Vivado/2021.2/scripts/rt/data/unisim_comp.v:1410]
INFO: [Synth 8-6155] done synthesizing module 'BUFR' (1#1) [G:/vivado.2021.2/Vivado/2021.2/scripts/rt/data/unisim_comp.v:1410]
INFO: [Synth 8-6157] synthesizing module 'BUFR__parameterized0' [G:/vivado.2021.2/Vivado/2021.2/scripts/rt/data/unisim_comp.v:1410]
INFO: [Synth 8-6155] done synthesizing module 'BUFR__parameterized0' (1#1) [G:/vivado.2021.2/Vivado/2021.2/scripts/rt/data/unisim_comp.v:1410]
INFO: [Synth 8-6157] synthesizing module 'BUFGMUX_CTRL' [G:/vivado.2021.2/Vivado/2021.2/scripts/rt/data/unisim_comp.v:1211]
INFO: [Synth 8-6155] done synthesizing module 'BUFGMUX_CTRL' (2#1) [G:/vivado.2021.2/Vivado/2021.2/scripts/rt/data/unisim_comp.v:1211]
INFO: [Synth 8-6155] done synthesizing module 'util_clkdiv' (3#1) [d:/zc706_ad9361/zc706_ad9361.gen/sources_1/bd/system/ipshared/24b1/util_clkdiv.v:38]
INFO: [Synth 8-6155] done synthesizing module 'system_util_clkdiv_0_0' (4#1) [d:/zc706_ad9361/zc706_ad9361.gen/sources_1/bd/system/ip/system_util_clkdiv_0_0/synth/system_util_clkdiv_0_0.v:57]
---------------------------------------------------------------------------------
Finished RTL Elaboration : Time (s): cpu = 00:00:08 ; elapsed = 00:00:12 . Memory (MB): peak = 1365.246 ; gain = 0.000
---------------------------------------------------------------------------------
---------------------------------------------------------------------------------
Start Handling Custom Attributes
---------------------------------------------------------------------------------
---------------------------------------------------------------------------------
Finished Handling Custom Attributes : Time (s): cpu = 00:00:09 ; elapsed = 00:00:13 . Memory (MB): peak = 1365.246 ; gain = 0.000
---------------------------------------------------------------------------------
---------------------------------------------------------------------------------
Finished RTL Optimization Phase 1 : Time (s): cpu = 00:00:09 ; elapsed = 00:00:13 . Memory (MB): peak = 1365.246 ; gain = 0.000
---------------------------------------------------------------------------------
Netlist sorting complete. Time (s): cpu = 00:00:00 ; elapsed = 00:00:00 . Memory (MB): peak = 1365.246 ; gain = 0.000
INFO: [Netlist 29-17] Analyzing 3 Unisim elements for replacement
INFO: [Netlist 29-28] Unisim Transformation completed in 0 CPU seconds
INFO: [Project 1-570] Preparing netlist for logic optimization

Processing XDC Constraints
Initializing timing engine
Parsing XDC File [d:/zc706_ad9361/zc706_ad9361.gen/sources_1/bd/system/ip/system_util_clkdiv_0_0/system_util_clkdiv_0_0_ooc.xdc] for cell 'inst'
Finished Parsing XDC File [d:/zc706_ad9361/zc706_ad9361.gen/sources_1/bd/system/ip/system_util_clkdiv_0_0/system_util_clkdiv_0_0_ooc.xdc] for cell 'inst'
Parsing XDC File [D:/zc706_ad9361/zc706_ad9361.runs/system_util_clkdiv_0_0_synth_1/dont_touch.xdc]
Finished Parsing XDC File [D:/zc706_ad9361/zc706_ad9361.runs/system_util_clkdiv_0_0_synth_1/dont_touch.xdc]
Parsing XDC File [d:/zc706_ad9361/zc706_ad9361.gen/sources_1/bd/system/ip/system_util_clkdiv_0_0/util_clkdiv_constr.xdc] for cell 'inst'
INFO: [Timing 38-2] Deriving generated clocks [d:/zc706_ad9361/zc706_ad9361.gen/sources_1/bd/system/ip/system_util_clkdiv_0_0/util_clkdiv_constr.xdc:1]
Finished Parsing XDC File [d:/zc706_ad9361/zc706_ad9361.gen/sources_1/bd/system/ip/system_util_clkdiv_0_0/util_clkdiv_constr.xdc] for cell 'inst'
Completed Processing XDC Constraints

Netlist sorting complete. Time (s): cpu = 00:00:00 ; elapsed = 00:00:00 . Memory (MB): peak = 1379.844 ; gain = 0.000
INFO: [Project 1-111] Unisim Transformation Summary:
  A total of 1 instances were transformed.
  BUFGMUX_CTRL => BUFGCTRL (inverted pins: S0): 1 instance 

Constraint Validation Runtime : Time (s): cpu = 00:00:00 ; elapsed = 00:00:00.028 . Memory (MB): peak = 1379.859 ; gain = 0.016
---------------------------------------------------------------------------------
Finished Constraint Validation : Time (s): cpu = 00:00:20 ; elapsed = 00:00:27 . Memory (MB): peak = 1379.859 ; gain = 14.613
---------------------------------------------------------------------------------
---------------------------------------------------------------------------------
Start Loading Part and Timing Information
---------------------------------------------------------------------------------
Loading part: xc7z045ffg900-2
---------------------------------------------------------------------------------
Finished Loading Part and Timing Information : Time (s): cpu = 00:00:20 ; elapsed = 00:00:27 . Memory (MB): peak = 1379.859 ; gain = 14.613
---------------------------------------------------------------------------------
---------------------------------------------------------------------------------
Start Applying 'set_property' XDC Constraints
---------------------------------------------------------------------------------
Applied set_property KEEP_HIERARCHY = SOFT for inst. (constraint file  D:/zc706_ad9361/zc706_ad9361.runs/system_util_clkdiv_0_0_synth_1/dont_touch.xdc, line 9).
---------------------------------------------------------------------------------
Finished applying 'set_property' XDC Constraints : Time (s): cpu = 00:00:20 ; elapsed = 00:00:27 . Memory (MB): peak = 1379.859 ; gain = 14.613
---------------------------------------------------------------------------------
---------------------------------------------------------------------------------
Finished RTL Optimization Phase 2 : Time (s): cpu = 00:00:21 ; elapsed = 00:00:27 . Memory (MB): peak = 1379.859 ; gain = 14.613
---------------------------------------------------------------------------------
---------------------------------------------------------------------------------
Start RTL Component Statistics 
---------------------------------------------------------------------------------
Detailed RTL Component Info : 
---------------------------------------------------------------------------------
Finished RTL Component Statistics 
---------------------------------------------------------------------------------
---------------------------------------------------------------------------------
Start Part Resource Summary
---------------------------------------------------------------------------------
Part Resources:
DSPs: 900 (col length:140)
BRAMs: 1090 (col length: RAMB18 140 RAMB36 70)
---------------------------------------------------------------------------------
Finished Part Resource Summary
---------------------------------------------------------------------------------
---------------------------------------------------------------------------------
Start Cross Boundary and Area Optimization
---------------------------------------------------------------------------------
WARNING: [Synth 8-7080] Parallel synthesis criteria is not met
---------------------------------------------------------------------------------
Finished Cross Boundary and Area Optimization : Time (s): cpu = 00:00:23 ; elapsed = 00:00:30 . Memory (MB): peak = 1379.859 ; gain = 14.613
---------------------------------------------------------------------------------
---------------------------------------------------------------------------------
Start Applying XDC Timing Constraints
---------------------------------------------------------------------------------
---------------------------------------------------------------------------------
Finished Applying XDC Timing Constraints : Time (s): cpu = 00:00:32 ; elapsed = 00:00:40 . Memory (MB): peak = 1382.336 ; gain = 17.090
---------------------------------------------------------------------------------
---------------------------------------------------------------------------------
Start Timing Optimization
---------------------------------------------------------------------------------
---------------------------------------------------------------------------------
Finished Timing Optimization : Time (s): cpu = 00:00:32 ; elapsed = 00:00:40 . Memory (MB): peak = 1382.336 ; gain = 17.090
---------------------------------------------------------------------------------
---------------------------------------------------------------------------------
Start Technology Mapping
---------------------------------------------------------------------------------
---------------------------------------------------------------------------------
Finished Technology Mapping : Time (s): cpu = 00:00:32 ; elapsed = 00:00:40 . Memory (MB): peak = 1401.438 ; gain = 36.191
---------------------------------------------------------------------------------
---------------------------------------------------------------------------------
Start IO Insertion
---------------------------------------------------------------------------------
---------------------------------------------------------------------------------
Start Flattening Before IO Insertion
---------------------------------------------------------------------------------
---------------------------------------------------------------------------------
Finished Flattening Before IO Insertion
---------------------------------------------------------------------------------
---------------------------------------------------------------------------------
Start Final Netlist Cleanup
---------------------------------------------------------------------------------
---------------------------------------------------------------------------------
Finished Final Netlist Cleanup
---------------------------------------------------------------------------------
---------------------------------------------------------------------------------
Finished IO Insertion : Time (s): cpu = 00:00:40 ; elapsed = 00:00:49 . Memory (MB): peak = 1406.195 ; gain = 40.949
---------------------------------------------------------------------------------
---------------------------------------------------------------------------------
Start Renaming Generated Instances
---------------------------------------------------------------------------------
---------------------------------------------------------------------------------
Finished Renaming Generated Instances : Time (s): cpu = 00:00:40 ; elapsed = 00:00:49 . Memory (MB): peak = 1406.195 ; gain = 40.949
---------------------------------------------------------------------------------
---------------------------------------------------------------------------------
Start Rebuilding User Hierarchy
---------------------------------------------------------------------------------
---------------------------------------------------------------------------------
Finished Rebuilding User Hierarchy : Time (s): cpu = 00:00:40 ; elapsed = 00:00:49 . Memory (MB): peak = 1406.195 ; gain = 40.949
---------------------------------------------------------------------------------
---------------------------------------------------------------------------------
Start Renaming Generated Ports
---------------------------------------------------------------------------------
---------------------------------------------------------------------------------
Finished Renaming Generated Ports : Time (s): cpu = 00:00:40 ; elapsed = 00:00:49 . Memory (MB): peak = 1406.195 ; gain = 40.949
---------------------------------------------------------------------------------
---------------------------------------------------------------------------------
Start Handling Custom Attributes
---------------------------------------------------------------------------------
---------------------------------------------------------------------------------
Finished Handling Custom Attributes : Time (s): cpu = 00:00:40 ; elapsed = 00:00:49 . Memory (MB): peak = 1406.195 ; gain = 40.949
---------------------------------------------------------------------------------
---------------------------------------------------------------------------------
Start Renaming Generated Nets
---------------------------------------------------------------------------------
---------------------------------------------------------------------------------
Finished Renaming Generated Nets : Time (s): cpu = 00:00:40 ; elapsed = 00:00:49 . Memory (MB): peak = 1406.195 ; gain = 40.949
---------------------------------------------------------------------------------
---------------------------------------------------------------------------------
Start Writing Synthesis Report
---------------------------------------------------------------------------------

Report BlackBoxes: 
+-+--------------+----------+
| |BlackBox name |Instances |
+-+--------------+----------+
+-+--------------+----------+

Report Cell Usage: 
+------+-------------+------+
|      |Cell         |Count |
+------+-------------+------+
|1     |BUFGMUX_CTRL |     1|
|2     |BUFR         |     2|
+------+-------------+------+
---------------------------------------------------------------------------------
Finished Writing Synthesis Report : Time (s): cpu = 00:00:40 ; elapsed = 00:00:49 . Memory (MB): peak = 1406.195 ; gain = 40.949
---------------------------------------------------------------------------------
Synthesis finished with 0 errors, 0 critical warnings and 1 warnings.
Synthesis Optimization Runtime : Time (s): cpu = 00:00:27 ; elapsed = 00:00:44 . Memory (MB): peak = 1406.195 ; gain = 26.336
Synthesis Optimization Complete : Time (s): cpu = 00:00:40 ; elapsed = 00:00:50 . Memory (MB): peak = 1406.195 ; gain = 40.949
INFO: [Project 1-571] Translating synthesized netlist
Netlist sorting complete. Time (s): cpu = 00:00:00 ; elapsed = 00:00:00 . Memory (MB): peak = 1406.195 ; gain = 0.000
INFO: [Netlist 29-17] Analyzing 3 Unisim elements for replacement
INFO: [Netlist 29-28] Unisim Transformation completed in 0 CPU seconds
INFO: [Project 1-570] Preparing netlist for logic optimization
INFO: [Opt 31-138] Pushed 0 inverter(s) to 0 load pin(s).
Netlist sorting complete. Time (s): cpu = 00:00:00 ; elapsed = 00:00:00 . Memory (MB): peak = 1438.766 ; gain = 0.000
INFO: [Project 1-111] Unisim Transformation Summary:
  A total of 1 instances were transformed.
  BUFGMUX_CTRL => BUFGCTRL (inverted pins: S0): 1 instance 

Synth Design complete, checksum: dfd6560b
INFO: [Common 17-83] Releasing license: Synthesis
33 Infos, 1 Warnings, 0 Critical Warnings and 0 Errors encountered.
synth_design completed successfully
synth_design: Time (s): cpu = 00:00:48 ; elapsed = 00:01:02 . Memory (MB): peak = 1438.766 ; gain = 73.520
INFO: [Common 17-1381] The checkpoint 'D:/zc706_ad9361/zc706_ad9361.runs/system_util_clkdiv_0_0_synth_1/system_util_clkdiv_0_0.dcp' has been generated.
INFO: [Coretcl 2-1648] Added synthesis output to IP cache for IP system_util_clkdiv_0_0, cache-ID = 4da00e38b64ce608
INFO: [Common 17-1381] The checkpoint 'D:/zc706_ad9361/zc706_ad9361.runs/system_util_clkdiv_0_0_synth_1/system_util_clkdiv_0_0.dcp' has been generated.
INFO: [runtcl-4] Executing : report_utilization -file system_util_clkdiv_0_0_utilization_synth.rpt -pb system_util_clkdiv_0_0_utilization_synth.pb
INFO: [Common 17-206] Exiting Vivado at Fri Dec  5 17:22:50 2025...
