
*** Running vivado
    with args -log system_sysid_rom_0_0.vds -m64 -product Vivado -mode batch -messageDb vivado.pb -notrace -source system_sysid_rom_0_0.tcl



****** Vivado v2021.2 (64-bit)
  **** SW Build 3367213 on Tue Oct 19 02:48:09 MDT 2021
  **** IP Build 3369179 on Thu Oct 21 08:25:16 MDT 2021
    ** Copyright 1986-2021 Xilinx, Inc. All Rights Reserved.

source system_sysid_rom_0_0.tcl -notrace
create_project: Time (s): cpu = 00:00:09 ; elapsed = 00:00:12 . Memory (MB): peak = 1421.906 ; gain = 559.887
INFO: [IP_Flow 19-234] Refreshing IP repositories
INFO: [IP_Flow 19-1700] Loaded user IP repository 'd:/zc706_ad9361/zc706_ad9361.srcs/sources_1/new/wr_rd'.
INFO: [IP_Flow 19-1700] Loaded user IP repository 'd:/zc706_ad9361/zc706_ad9361.srcs/sources_1/new/adc_fifo'.
INFO: [IP_Flow 19-1700] Loaded user IP repository 'd:/zc706_ad9361/user_ip'.
INFO: [IP_Flow 19-1700] Loaded user IP repository 'd:/zc706_ad9361/zc706_ad9361.srcs/sources_1/bd/system/ip'.
INFO: [IP_Flow 19-2313] Loaded Vivado IP repository 'G:/vivado.2021.2/Vivado/2021.2/data/ip'.
Command: synth_design -top system_sysid_rom_0_0 -part xc7z045ffg900-2 -mode out_of_context
Starting synth_design
Attempting to get a license for feature 'Synthesis' and/or device 'xc7z045'
INFO: [Common 17-349] Got license for feature 'Synthesis' and/or device 'xc7z045'
INFO: [Device 21-403] Loading part xc7z045ffg900-2
INFO: [Synth 8-7079] Multithreading enabled for synth_design using a maximum of 2 processes.
INFO: [Synth 8-7078] Launching helper process for spawning children vivado processes
INFO: [Synth 8-7075] Helper process launched with PID 5252
---------------------------------------------------------------------------------
Starting RTL Elaboration : Time (s): cpu = 00:00:07 ; elapsed = 00:00:14 . Memory (MB): peak = 1421.906 ; gain = 0.000
---------------------------------------------------------------------------------
INFO: [Synth 8-6157] synthesizing module 'system_sysid_rom_0_0' [d:/zc706_ad9361/zc706_ad9361.gen/sources_1/bd/system/ip/system_sysid_rom_0_0/synth/system_sysid_rom_0_0.v:57]
INFO: [Synth 8-6157] synthesizing module 'sysid_rom' [d:/zc706_ad9361/zc706_ad9361.gen/sources_1/bd/system/ipshared/5b13/sysid_rom.v:37]
CRITICAL WARNING: [Synth 8-4445] could not open $readmem data file 'c:/Users/20915/Desktop/zijib/zc706_ad9361/mem_init_sys.txt'; please make sure the file is added to project and has read permission, ignoring [d:/zc706_ad9361/zc706_ad9361.gen/sources_1/bd/system/ipshared/5b13/sysid_rom.v:50]
WARNING: [Synth 8-4767] Trying to implement RAM ' ' in registers. Block RAM or DRAM implementation is not possible; see log for reasons.
	1: Unable to determine number of words or word size in RAM. 
	2: No valid read/write found for RAM. 
RAM dissolved into registers
WARNING: [Synth 8-3848] Net lut_rom in module/entity sysid_rom does not have driver. [d:/zc706_ad9361/zc706_ad9361.gen/sources_1/bd/system/ipshared/5b13/sysid_rom.v:47]
WARNING: [Synth 8-3848] Net lut_rom in module/entity sysid_rom does not have driver. [d:/zc706_ad9361/zc706_ad9361.gen/sources_1/bd/system/ipshared/5b13/sysid_rom.v:47]
WARNING: [Synth 8-3848] Net lut_rom in module/entity sysid_rom does not have driver. [d:/zc706_ad9361/zc706_ad9361.gen/sources_1/bd/system/ipshared/5b13/sysid_rom.v:47]
WARNING: [Synth 8-3848] Net lut_rom in module/entity sysid_rom does not have driver. [d:/zc706_ad9361/zc706_ad9361.gen/sources_1/bd/system/ipshared/5b13/sysid_rom.v:47]
WARNING: [Synth 8-3848] Net lut_rom in module/entity sysid_rom does not have driver. [d:/zc706_ad9361/zc706_ad9361.gen/sources_1/bd/system/ipshared/5b13/sysid_rom.v:47]
WARNING: [Synth 8-3848] Net lut_rom in module/entity sysid_rom does not have driver. [d:/zc706_ad9361/zc706_ad9361.gen/sources_1/bd/system/ipshared/5b13/sysid_rom.v:47]
WARNING: [Synth 8-3848] Net lut_rom in module/entity sysid_rom does not have driver. [d:/zc706_ad9361/zc706_ad9361.gen/sources_1/bd/system/ipshared/5b13/sysid_rom.v:47]
WARNING: [Synth 8-3848] Net lut_rom in module/entity sysid_rom does not have driver. [d:/zc706_ad9361/zc706_ad9361.gen/sources_1/bd/system/ipshared/5b13/sysid_rom.v:47]
WARNING: [Synth 8-3848] Net lut_rom in module/entity sysid_rom does not have driver. [d:/zc706_ad9361/zc706_ad9361.gen/sources_1/bd/system/ipshared/5b13/sysid_rom.v:47]
WARNING: [Synth 8-3848] Net lut_rom in module/entity sysid_rom does not have driver. [d:/zc706_ad9361/zc706_ad9361.gen/sources_1/bd/system/ipshared/5b13/sysid_rom.v:47]
WARNING: [Synth 8-3848] Net lut_rom in module/entity sysid_rom does not have driver. [d:/zc706_ad9361/zc706_ad9361.gen/sources_1/bd/system/ipshared/5b13/sysid_rom.v:47]
WARNING: [Synth 8-3848] Net lut_rom in module/entity sysid_rom does not have driver. [d:/zc706_ad9361/zc706_ad9361.gen/sources_1/bd/system/ipshared/5b13/sysid_rom.v:47]
WARNING: [Synth 8-3848] Net lut_rom in module/entity sysid_rom does not have driver. [d:/zc706_ad9361/zc706_ad9361.gen/sources_1/bd/system/ipshared/5b13/sysid_rom.v:47]
WARNING: [Synth 8-3848] Net lut_rom in module/entity sysid_rom does not have driver. [d:/zc706_ad9361/zc706_ad9361.gen/sources_1/bd/system/ipshared/5b13/sysid_rom.v:47]
WARNING: [Synth 8-3848] Net lut_rom in module/entity sysid_rom does not have driver. [d:/zc706_ad9361/zc706_ad9361.gen/sources_1/bd/system/ipshared/5b13/sysid_rom.v:47]
WARNING: [Synth 8-3848] Net lut_rom in module/entity sysid_rom does not have driver. [d:/zc706_ad9361/zc706_ad9361.gen/sources_1/bd/system/ipshared/5b13/sysid_rom.v:47]
WARNING: [Synth 8-3848] Net lut_rom in module/entity sysid_rom does not have driver. [d:/zc706_ad9361/zc706_ad9361.gen/sources_1/bd/system/ipshared/5b13/sysid_rom.v:47]
WARNING: [Synth 8-3848] Net lut_rom in module/entity sysid_rom does not have driver. [d:/zc706_ad9361/zc706_ad9361.gen/sources_1/bd/system/ipshared/5b13/sysid_rom.v:47]
WARNING: [Synth 8-3848] Net lut_rom in module/entity sysid_rom does not have driver. [d:/zc706_ad9361/zc706_ad9361.gen/sources_1/bd/system/ipshared/5b13/sysid_rom.v:47]
WARNING: [Synth 8-3848] Net lut_rom in module/entity sysid_rom does not have driver. [d:/zc706_ad9361/zc706_ad9361.gen/sources_1/bd/system/ipshared/5b13/sysid_rom.v:47]
WARNING: [Synth 8-3848] Net lut_rom in module/entity sysid_rom does not have driver. [d:/zc706_ad9361/zc706_ad9361.gen/sources_1/bd/system/ipshared/5b13/sysid_rom.v:47]
WARNING: [Synth 8-3848] Net lut_rom in module/entity sysid_rom does not have driver. [d:/zc706_ad9361/zc706_ad9361.gen/sources_1/bd/system/ipshared/5b13/sysid_rom.v:47]
WARNING: [Synth 8-3848] Net lut_rom in module/entity sysid_rom does not have driver. [d:/zc706_ad9361/zc706_ad9361.gen/sources_1/bd/system/ipshared/5b13/sysid_rom.v:47]
WARNING: [Synth 8-3848] Net lut_rom in module/entity sysid_rom does not have driver. [d:/zc706_ad9361/zc706_ad9361.gen/sources_1/bd/system/ipshared/5b13/sysid_rom.v:47]
WARNING: [Synth 8-3848] Net lut_rom in module/entity sysid_rom does not have driver. [d:/zc706_ad9361/zc706_ad9361.gen/sources_1/bd/system/ipshared/5b13/sysid_rom.v:47]
WARNING: [Synth 8-3848] Net lut_rom in module/entity sysid_rom does not have driver. [d:/zc706_ad9361/zc706_ad9361.gen/sources_1/bd/system/ipshared/5b13/sysid_rom.v:47]
WARNING: [Synth 8-3848] Net lut_rom in module/entity sysid_rom does not have driver. [d:/zc706_ad9361/zc706_ad9361.gen/sources_1/bd/system/ipshared/5b13/sysid_rom.v:47]
WARNING: [Synth 8-3848] Net lut_rom in module/entity sysid_rom does not have driver. [d:/zc706_ad9361/zc706_ad9361.gen/sources_1/bd/system/ipshared/5b13/sysid_rom.v:47]
WARNING: [Synth 8-3848] Net lut_rom in module/entity sysid_rom does not have driver. [d:/zc706_ad9361/zc706_ad9361.gen/sources_1/bd/system/ipshared/5b13/sysid_rom.v:47]
WARNING: [Synth 8-3848] Net lut_rom in module/entity sysid_rom does not have driver. [d:/zc706_ad9361/zc706_ad9361.gen/sources_1/bd/system/ipshared/5b13/sysid_rom.v:47]
WARNING: [Synth 8-3848] Net lut_rom in module/entity sysid_rom does not have driver. [d:/zc706_ad9361/zc706_ad9361.gen/sources_1/bd/system/ipshared/5b13/sysid_rom.v:47]
WARNING: [Synth 8-3848] Net lut_rom in module/entity sysid_rom does not have driver. [d:/zc706_ad9361/zc706_ad9361.gen/sources_1/bd/system/ipshared/5b13/sysid_rom.v:47]
WARNING: [Synth 8-3848] Net lut_rom in module/entity sysid_rom does not have driver. [d:/zc706_ad9361/zc706_ad9361.gen/sources_1/bd/system/ipshared/5b13/sysid_rom.v:47]
WARNING: [Synth 8-3848] Net lut_rom in module/entity sysid_rom does not have driver. [d:/zc706_ad9361/zc706_ad9361.gen/sources_1/bd/system/ipshared/5b13/sysid_rom.v:47]
WARNING: [Synth 8-3848] Net lut_rom in module/entity sysid_rom does not have driver. [d:/zc706_ad9361/zc706_ad9361.gen/sources_1/bd/system/ipshared/5b13/sysid_rom.v:47]
WARNING: [Synth 8-3848] Net lut_rom in module/entity sysid_rom does not have driver. [d:/zc706_ad9361/zc706_ad9361.gen/sources_1/bd/system/ipshared/5b13/sysid_rom.v:47]
WARNING: [Synth 8-3848] Net lut_rom in module/entity sysid_rom does not have driver. [d:/zc706_ad9361/zc706_ad9361.gen/sources_1/bd/system/ipshared/5b13/sysid_rom.v:47]
WARNING: [Synth 8-3848] Net lut_rom in module/entity sysid_rom does not have driver. [d:/zc706_ad9361/zc706_ad9361.gen/sources_1/bd/system/ipshared/5b13/sysid_rom.v:47]
WARNING: [Synth 8-3848] Net lut_rom in module/entity sysid_rom does not have driver. [d:/zc706_ad9361/zc706_ad9361.gen/sources_1/bd/system/ipshared/5b13/sysid_rom.v:47]
WARNING: [Synth 8-3848] Net lut_rom in module/entity sysid_rom does not have driver. [d:/zc706_ad9361/zc706_ad9361.gen/sources_1/bd/system/ipshared/5b13/sysid_rom.v:47]
WARNING: [Synth 8-3848] Net lut_rom in module/entity sysid_rom does not have driver. [d:/zc706_ad9361/zc706_ad9361.gen/sources_1/bd/system/ipshared/5b13/sysid_rom.v:47]
WARNING: [Synth 8-3848] Net lut_rom in module/entity sysid_rom does not have driver. [d:/zc706_ad9361/zc706_ad9361.gen/sources_1/bd/system/ipshared/5b13/sysid_rom.v:47]
WARNING: [Synth 8-3848] Net lut_rom in module/entity sysid_rom does not have driver. [d:/zc706_ad9361/zc706_ad9361.gen/sources_1/bd/system/ipshared/5b13/sysid_rom.v:47]
WARNING: [Synth 8-3848] Net lut_rom in module/entity sysid_rom does not have driver. [d:/zc706_ad9361/zc706_ad9361.gen/sources_1/bd/system/ipshared/5b13/sysid_rom.v:47]
WARNING: [Synth 8-3848] Net lut_rom in module/entity sysid_rom does not have driver. [d:/zc706_ad9361/zc706_ad9361.gen/sources_1/bd/system/ipshared/5b13/sysid_rom.v:47]
WARNING: [Synth 8-3848] Net lut_rom in module/entity sysid_rom does not have driver. [d:/zc706_ad9361/zc706_ad9361.gen/sources_1/bd/system/ipshared/5b13/sysid_rom.v:47]
WARNING: [Synth 8-3848] Net lut_rom in module/entity sysid_rom does not have driver. [d:/zc706_ad9361/zc706_ad9361.gen/sources_1/bd/system/ipshared/5b13/sysid_rom.v:47]
WARNING: [Synth 8-3848] Net lut_rom in module/entity sysid_rom does not have driver. [d:/zc706_ad9361/zc706_ad9361.gen/sources_1/bd/system/ipshared/5b13/sysid_rom.v:47]
WARNING: [Synth 8-3848] Net lut_rom in module/entity sysid_rom does not have driver. [d:/zc706_ad9361/zc706_ad9361.gen/sources_1/bd/system/ipshared/5b13/sysid_rom.v:47]
WARNING: [Synth 8-3848] Net lut_rom in module/entity sysid_rom does not have driver. [d:/zc706_ad9361/zc706_ad9361.gen/sources_1/bd/system/ipshared/5b13/sysid_rom.v:47]
WARNING: [Synth 8-3848] Net lut_rom in module/entity sysid_rom does not have driver. [d:/zc706_ad9361/zc706_ad9361.gen/sources_1/bd/system/ipshared/5b13/sysid_rom.v:47]
WARNING: [Synth 8-3848] Net lut_rom in module/entity sysid_rom does not have driver. [d:/zc706_ad9361/zc706_ad9361.gen/sources_1/bd/system/ipshared/5b13/sysid_rom.v:47]
WARNING: [Synth 8-3848] Net lut_rom in module/entity sysid_rom does not have driver. [d:/zc706_ad9361/zc706_ad9361.gen/sources_1/bd/system/ipshared/5b13/sysid_rom.v:47]
WARNING: [Synth 8-3848] Net lut_rom in module/entity sysid_rom does not have driver. [d:/zc706_ad9361/zc706_ad9361.gen/sources_1/bd/system/ipshared/5b13/sysid_rom.v:47]
WARNING: [Synth 8-3848] Net lut_rom in module/entity sysid_rom does not have driver. [d:/zc706_ad9361/zc706_ad9361.gen/sources_1/bd/system/ipshared/5b13/sysid_rom.v:47]
WARNING: [Synth 8-3848] Net lut_rom in module/entity sysid_rom does not have driver. [d:/zc706_ad9361/zc706_ad9361.gen/sources_1/bd/system/ipshared/5b13/sysid_rom.v:47]
WARNING: [Synth 8-3848] Net lut_rom in module/entity sysid_rom does not have driver. [d:/zc706_ad9361/zc706_ad9361.gen/sources_1/bd/system/ipshared/5b13/sysid_rom.v:47]
WARNING: [Synth 8-3848] Net lut_rom in module/entity sysid_rom does not have driver. [d:/zc706_ad9361/zc706_ad9361.gen/sources_1/bd/system/ipshared/5b13/sysid_rom.v:47]
WARNING: [Synth 8-3848] Net lut_rom in module/entity sysid_rom does not have driver. [d:/zc706_ad9361/zc706_ad9361.gen/sources_1/bd/system/ipshared/5b13/sysid_rom.v:47]
WARNING: [Synth 8-3848] Net lut_rom in module/entity sysid_rom does not have driver. [d:/zc706_ad9361/zc706_ad9361.gen/sources_1/bd/system/ipshared/5b13/sysid_rom.v:47]
WARNING: [Synth 8-3848] Net lut_rom in module/entity sysid_rom does not have driver. [d:/zc706_ad9361/zc706_ad9361.gen/sources_1/bd/system/ipshared/5b13/sysid_rom.v:47]
WARNING: [Synth 8-3848] Net lut_rom in module/entity sysid_rom does not have driver. [d:/zc706_ad9361/zc706_ad9361.gen/sources_1/bd/system/ipshared/5b13/sysid_rom.v:47]
WARNING: [Synth 8-3848] Net lut_rom in module/entity sysid_rom does not have driver. [d:/zc706_ad9361/zc706_ad9361.gen/sources_1/bd/system/ipshared/5b13/sysid_rom.v:47]
WARNING: [Synth 8-3848] Net lut_rom in module/entity sysid_rom does not have driver. [d:/zc706_ad9361/zc706_ad9361.gen/sources_1/bd/system/ipshared/5b13/sysid_rom.v:47]
WARNING: [Synth 8-3848] Net lut_rom in module/entity sysid_rom does not have driver. [d:/zc706_ad9361/zc706_ad9361.gen/sources_1/bd/system/ipshared/5b13/sysid_rom.v:47]
WARNING: [Synth 8-3848] Net lut_rom in module/entity sysid_rom does not have driver. [d:/zc706_ad9361/zc706_ad9361.gen/sources_1/bd/system/ipshared/5b13/sysid_rom.v:47]
WARNING: [Synth 8-3848] Net lut_rom in module/entity sysid_rom does not have driver. [d:/zc706_ad9361/zc706_ad9361.gen/sources_1/bd/system/ipshared/5b13/sysid_rom.v:47]
WARNING: [Synth 8-3848] Net lut_rom in module/entity sysid_rom does not have driver. [d:/zc706_ad9361/zc706_ad9361.gen/sources_1/bd/system/ipshared/5b13/sysid_rom.v:47]
WARNING: [Synth 8-3848] Net lut_rom in module/entity sysid_rom does not have driver. [d:/zc706_ad9361/zc706_ad9361.gen/sources_1/bd/system/ipshared/5b13/sysid_rom.v:47]
WARNING: [Synth 8-3848] Net lut_rom in module/entity sysid_rom does not have driver. [d:/zc706_ad9361/zc706_ad9361.gen/sources_1/bd/system/ipshared/5b13/sysid_rom.v:47]
WARNING: [Synth 8-3848] Net lut_rom in module/entity sysid_rom does not have driver. [d:/zc706_ad9361/zc706_ad9361.gen/sources_1/bd/system/ipshared/5b13/sysid_rom.v:47]
WARNING: [Synth 8-3848] Net lut_rom in module/entity sysid_rom does not have driver. [d:/zc706_ad9361/zc706_ad9361.gen/sources_1/bd/system/ipshared/5b13/sysid_rom.v:47]
WARNING: [Synth 8-3848] Net lut_rom in module/entity sysid_rom does not have driver. [d:/zc706_ad9361/zc706_ad9361.gen/sources_1/bd/system/ipshared/5b13/sysid_rom.v:47]
WARNING: [Synth 8-3848] Net lut_rom in module/entity sysid_rom does not have driver. [d:/zc706_ad9361/zc706_ad9361.gen/sources_1/bd/system/ipshared/5b13/sysid_rom.v:47]
WARNING: [Synth 8-3848] Net lut_rom in module/entity sysid_rom does not have driver. [d:/zc706_ad9361/zc706_ad9361.gen/sources_1/bd/system/ipshared/5b13/sysid_rom.v:47]
WARNING: [Synth 8-3848] Net lut_rom in module/entity sysid_rom does not have driver. [d:/zc706_ad9361/zc706_ad9361.gen/sources_1/bd/system/ipshared/5b13/sysid_rom.v:47]
WARNING: [Synth 8-3848] Net lut_rom in module/entity sysid_rom does not have driver. [d:/zc706_ad9361/zc706_ad9361.gen/sources_1/bd/system/ipshared/5b13/sysid_rom.v:47]
WARNING: [Synth 8-3848] Net lut_rom in module/entity sysid_rom does not have driver. [d:/zc706_ad9361/zc706_ad9361.gen/sources_1/bd/system/ipshared/5b13/sysid_rom.v:47]
WARNING: [Synth 8-3848] Net lut_rom in module/entity sysid_rom does not have driver. [d:/zc706_ad9361/zc706_ad9361.gen/sources_1/bd/system/ipshared/5b13/sysid_rom.v:47]
WARNING: [Synth 8-3848] Net lut_rom in module/entity sysid_rom does not have driver. [d:/zc706_ad9361/zc706_ad9361.gen/sources_1/bd/system/ipshared/5b13/sysid_rom.v:47]
WARNING: [Synth 8-3848] Net lut_rom in module/entity sysid_rom does not have driver. [d:/zc706_ad9361/zc706_ad9361.gen/sources_1/bd/system/ipshared/5b13/sysid_rom.v:47]
WARNING: [Synth 8-3848] Net lut_rom in module/entity sysid_rom does not have driver. [d:/zc706_ad9361/zc706_ad9361.gen/sources_1/bd/system/ipshared/5b13/sysid_rom.v:47]
WARNING: [Synth 8-3848] Net lut_rom in module/entity sysid_rom does not have driver. [d:/zc706_ad9361/zc706_ad9361.gen/sources_1/bd/system/ipshared/5b13/sysid_rom.v:47]
WARNING: [Synth 8-3848] Net lut_rom in module/entity sysid_rom does not have driver. [d:/zc706_ad9361/zc706_ad9361.gen/sources_1/bd/system/ipshared/5b13/sysid_rom.v:47]
WARNING: [Synth 8-3848] Net lut_rom in module/entity sysid_rom does not have driver. [d:/zc706_ad9361/zc706_ad9361.gen/sources_1/bd/system/ipshared/5b13/sysid_rom.v:47]
WARNING: [Synth 8-3848] Net lut_rom in module/entity sysid_rom does not have driver. [d:/zc706_ad9361/zc706_ad9361.gen/sources_1/bd/system/ipshared/5b13/sysid_rom.v:47]
WARNING: [Synth 8-3848] Net lut_rom in module/entity sysid_rom does not have driver. [d:/zc706_ad9361/zc706_ad9361.gen/sources_1/bd/system/ipshared/5b13/sysid_rom.v:47]
WARNING: [Synth 8-3848] Net lut_rom in module/entity sysid_rom does not have driver. [d:/zc706_ad9361/zc706_ad9361.gen/sources_1/bd/system/ipshared/5b13/sysid_rom.v:47]
WARNING: [Synth 8-3848] Net lut_rom in module/entity sysid_rom does not have driver. [d:/zc706_ad9361/zc706_ad9361.gen/sources_1/bd/system/ipshared/5b13/sysid_rom.v:47]
WARNING: [Synth 8-3848] Net lut_rom in module/entity sysid_rom does not have driver. [d:/zc706_ad9361/zc706_ad9361.gen/sources_1/bd/system/ipshared/5b13/sysid_rom.v:47]
WARNING: [Synth 8-3848] Net lut_rom in module/entity sysid_rom does not have driver. [d:/zc706_ad9361/zc706_ad9361.gen/sources_1/bd/system/ipshared/5b13/sysid_rom.v:47]
WARNING: [Synth 8-3848] Net lut_rom in module/entity sysid_rom does not have driver. [d:/zc706_ad9361/zc706_ad9361.gen/sources_1/bd/system/ipshared/5b13/sysid_rom.v:47]
WARNING: [Synth 8-3848] Net lut_rom in module/entity sysid_rom does not have driver. [d:/zc706_ad9361/zc706_ad9361.gen/sources_1/bd/system/ipshared/5b13/sysid_rom.v:47]
WARNING: [Synth 8-3848] Net lut_rom in module/entity sysid_rom does not have driver. [d:/zc706_ad9361/zc706_ad9361.gen/sources_1/bd/system/ipshared/5b13/sysid_rom.v:47]
WARNING: [Synth 8-3848] Net lut_rom in module/entity sysid_rom does not have driver. [d:/zc706_ad9361/zc706_ad9361.gen/sources_1/bd/system/ipshared/5b13/sysid_rom.v:47]
WARNING: [Synth 8-3848] Net lut_rom in module/entity sysid_rom does not have driver. [d:/zc706_ad9361/zc706_ad9361.gen/sources_1/bd/system/ipshared/5b13/sysid_rom.v:47]
WARNING: [Synth 8-3848] Net lut_rom in module/entity sysid_rom does not have driver. [d:/zc706_ad9361/zc706_ad9361.gen/sources_1/bd/system/ipshared/5b13/sysid_rom.v:47]
WARNING: [Synth 8-3848] Net lut_rom in module/entity sysid_rom does not have driver. [d:/zc706_ad9361/zc706_ad9361.gen/sources_1/bd/system/ipshared/5b13/sysid_rom.v:47]
WARNING: [Synth 8-3848] Net lut_rom in module/entity sysid_rom does not have driver. [d:/zc706_ad9361/zc706_ad9361.gen/sources_1/bd/system/ipshared/5b13/sysid_rom.v:47]
WARNING: [Synth 8-3848] Net lut_rom in module/entity sysid_rom does not have driver. [d:/zc706_ad9361/zc706_ad9361.gen/sources_1/bd/system/ipshared/5b13/sysid_rom.v:47]
INFO: [Common 17-14] Message 'Synth 8-3848' appears 100 times and further instances of the messages will be disabled. Use the Tcl command set_msg_config to change the current settings.
INFO: [Synth 8-6155] done synthesizing module 'sysid_rom' (1#1) [d:/zc706_ad9361/zc706_ad9361.gen/sources_1/bd/system/ipshared/5b13/sysid_rom.v:37]
INFO: [Synth 8-6155] done synthesizing module 'system_sysid_rom_0_0' (2#1) [d:/zc706_ad9361/zc706_ad9361.gen/sources_1/bd/system/ip/system_sysid_rom_0_0/synth/system_sysid_rom_0_0.v:57]
---------------------------------------------------------------------------------
Finished RTL Elaboration : Time (s): cpu = 00:00:09 ; elapsed = 00:00:18 . Memory (MB): peak = 1421.906 ; gain = 0.000
---------------------------------------------------------------------------------
---------------------------------------------------------------------------------
Start Handling Custom Attributes
---------------------------------------------------------------------------------
---------------------------------------------------------------------------------
Finished Handling Custom Attributes : Time (s): cpu = 00:00:09 ; elapsed = 00:00:21 . Memory (MB): peak = 1421.906 ; gain = 0.000
---------------------------------------------------------------------------------
---------------------------------------------------------------------------------
Finished RTL Optimization Phase 1 : Time (s): cpu = 00:00:09 ; elapsed = 00:00:21 . Memory (MB): peak = 1421.906 ; gain = 0.000
---------------------------------------------------------------------------------
Netlist sorting complete. Time (s): cpu = 00:00:00 ; elapsed = 00:00:00.044 . Memory (MB): peak = 1421.906 ; gain = 0.000
INFO: [Project 1-570] Preparing netlist for logic optimization

Processing XDC Constraints
Initializing timing engine
Completed Processing XDC Constraints

Netlist sorting complete. Time (s): cpu = 00:00:00 ; elapsed = 00:00:00 . Memory (MB): peak = 1421.906 ; gain = 0.000
INFO: [Project 1-111] Unisim Transformation Summary:
No Unisim elements were transformed.

Constraint Validation Runtime : Time (s): cpu = 00:00:00 ; elapsed = 00:00:00.343 . Memory (MB): peak = 1421.906 ; gain = 0.000
---------------------------------------------------------------------------------
Finished Constraint Validation : Time (s): cpu = 00:00:20 ; elapsed = 00:00:40 . Memory (MB): peak = 1421.906 ; gain = 0.000
---------------------------------------------------------------------------------
---------------------------------------------------------------------------------
Start Loading Part and Timing Information
---------------------------------------------------------------------------------
Loading part: xc7z045ffg900-2
---------------------------------------------------------------------------------
Finished Loading Part and Timing Information : Time (s): cpu = 00:00:20 ; elapsed = 00:00:40 . Memory (MB): peak = 1421.906 ; gain = 0.000
---------------------------------------------------------------------------------
---------------------------------------------------------------------------------
Start Applying 'set_property' XDC Constraints
---------------------------------------------------------------------------------
---------------------------------------------------------------------------------
Finished applying 'set_property' XDC Constraints : Time (s): cpu = 00:00:20 ; elapsed = 00:00:40 . Memory (MB): peak = 1421.906 ; gain = 0.000
---------------------------------------------------------------------------------
---------------------------------------------------------------------------------
Finished RTL Optimization Phase 2 : Time (s): cpu = 00:00:21 ; elapsed = 00:00:42 . Memory (MB): peak = 1421.906 ; gain = 0.000
---------------------------------------------------------------------------------
---------------------------------------------------------------------------------
Start RTL Component Statistics 
---------------------------------------------------------------------------------
Detailed RTL Component Info : 
+---Registers : 
	               32 Bit    Registers := 1     
---------------------------------------------------------------------------------
Finished RTL Component Statistics 
---------------------------------------------------------------------------------
---------------------------------------------------------------------------------
Start Part Resource Summary
---------------------------------------------------------------------------------
Part Resources:
DSPs: 900 (col length:140)
BRAMs: 1090 (col length: RAMB18 140 RAMB36 70)
---------------------------------------------------------------------------------
Finished Part Resource Summary
---------------------------------------------------------------------------------
---------------------------------------------------------------------------------
Start Cross Boundary and Area Optimization
---------------------------------------------------------------------------------
WARNING: [Synth 8-7080] Parallel synthesis criteria is not met
---------------------------------------------------------------------------------
Finished Cross Boundary and Area Optimization : Time (s): cpu = 00:00:27 ; elapsed = 00:00:52 . Memory (MB): peak = 1421.906 ; gain = 0.000
---------------------------------------------------------------------------------
---------------------------------------------------------------------------------
Start Applying XDC Timing Constraints
---------------------------------------------------------------------------------
---------------------------------------------------------------------------------
Finished Applying XDC Timing Constraints : Time (s): cpu = 00:00:36 ; elapsed = 00:01:06 . Memory (MB): peak = 1421.906 ; gain = 0.000
---------------------------------------------------------------------------------
---------------------------------------------------------------------------------
Start Timing Optimization
---------------------------------------------------------------------------------
---------------------------------------------------------------------------------
Finished Timing Optimization : Time (s): cpu = 00:00:36 ; elapsed = 00:01:06 . Memory (MB): peak = 1421.906 ; gain = 0.000
---------------------------------------------------------------------------------
---------------------------------------------------------------------------------
Start Technology Mapping
---------------------------------------------------------------------------------
---------------------------------------------------------------------------------
Finished Technology Mapping : Time (s): cpu = 00:00:36 ; elapsed = 00:01:06 . Memory (MB): peak = 1421.906 ; gain = 0.000
---------------------------------------------------------------------------------
---------------------------------------------------------------------------------
Start IO Insertion
---------------------------------------------------------------------------------
---------------------------------------------------------------------------------
Start Flattening Before IO Insertion
---------------------------------------------------------------------------------
---------------------------------------------------------------------------------
Finished Flattening Before IO Insertion
---------------------------------------------------------------------------------
---------------------------------------------------------------------------------
Start Final Netlist Cleanup
---------------------------------------------------------------------------------
---------------------------------------------------------------------------------
Finished Final Netlist Cleanup
---------------------------------------------------------------------------------
---------------------------------------------------------------------------------
Finished IO Insertion : Time (s): cpu = 00:00:45 ; elapsed = 00:01:22 . Memory (MB): peak = 1421.906 ; gain = 0.000
---------------------------------------------------------------------------------
---------------------------------------------------------------------------------
Start Renaming Generated Instances
---------------------------------------------------------------------------------
---------------------------------------------------------------------------------
Finished Renaming Generated Instances : Time (s): cpu = 00:00:45 ; elapsed = 00:01:23 . Memory (MB): peak = 1421.906 ; gain = 0.000
---------------------------------------------------------------------------------
---------------------------------------------------------------------------------
Start Rebuilding User Hierarchy
---------------------------------------------------------------------------------
---------------------------------------------------------------------------------
Finished Rebuilding User Hierarchy : Time (s): cpu = 00:00:45 ; elapsed = 00:01:23 . Memory (MB): peak = 1421.906 ; gain = 0.000
---------------------------------------------------------------------------------
---------------------------------------------------------------------------------
Start Renaming Generated Ports
---------------------------------------------------------------------------------
---------------------------------------------------------------------------------
Finished Renaming Generated Ports : Time (s): cpu = 00:00:45 ; elapsed = 00:01:23 . Memory (MB): peak = 1421.906 ; gain = 0.000
---------------------------------------------------------------------------------
---------------------------------------------------------------------------------
Start Handling Custom Attributes
---------------------------------------------------------------------------------
---------------------------------------------------------------------------------
Finished Handling Custom Attributes : Time (s): cpu = 00:00:45 ; elapsed = 00:01:23 . Memory (MB): peak = 1421.906 ; gain = 0.000
---------------------------------------------------------------------------------
---------------------------------------------------------------------------------
Start Renaming Generated Nets
---------------------------------------------------------------------------------
---------------------------------------------------------------------------------
Finished Renaming Generated Nets : Time (s): cpu = 00:00:45 ; elapsed = 00:01:23 . Memory (MB): peak = 1421.906 ; gain = 0.000
---------------------------------------------------------------------------------
---------------------------------------------------------------------------------
Start Writing Synthesis Report
---------------------------------------------------------------------------------

Report BlackBoxes: 
+-+--------------+----------+
| |BlackBox name |Instances |
+-+--------------+----------+
+-+--------------+----------+

Report Cell Usage: 
+-+-----+------+
| |Cell |Count |
+-+-----+------+
+-+-----+------+
---------------------------------------------------------------------------------
Finished Writing Synthesis Report : Time (s): cpu = 00:00:45 ; elapsed = 00:01:23 . Memory (MB): peak = 1421.906 ; gain = 0.000
---------------------------------------------------------------------------------
Synthesis finished with 0 errors, 0 critical warnings and 1 warnings.
Synthesis Optimization Runtime : Time (s): cpu = 00:00:33 ; elapsed = 00:01:14 . Memory (MB): peak = 1421.906 ; gain = 0.000
Synthesis Optimization Complete : Time (s): cpu = 00:00:46 ; elapsed = 00:01:23 . Memory (MB): peak = 1421.906 ; gain = 0.000
INFO: [Project 1-571] Translating synthesized netlist
Netlist sorting complete. Time (s): cpu = 00:00:00 ; elapsed = 00:00:00 . Memory (MB): peak = 1421.906 ; gain = 0.000
INFO: [Project 1-570] Preparing netlist for logic optimization
INFO: [Opt 31-138] Pushed 0 inverter(s) to 0 load pin(s).
Netlist sorting complete. Time (s): cpu = 00:00:00 ; elapsed = 00:00:00 . Memory (MB): peak = 1446.867 ; gain = 0.000
INFO: [Project 1-111] Unisim Transformation Summary:
No Unisim elements were transformed.

Synth Design complete, checksum: 8f7e535d
INFO: [Common 17-83] Releasing license: Synthesis
23 Infos, 102 Warnings, 1 Critical Warnings and 0 Errors encountered.
synth_design completed successfully
synth_design: Time (s): cpu = 00:00:53 ; elapsed = 00:01:38 . Memory (MB): peak = 1451.887 ; gain = 29.980
INFO: [Common 17-1381] The checkpoint 'D:/zc706_ad9361/zc706_ad9361.runs/system_sysid_rom_0_0_synth_1/system_sysid_rom_0_0.dcp' has been generated.
INFO: [runtcl-6] Synthesis results are not added to the cache due to CRITICAL_WARNING
INFO: [Common 17-1381] The checkpoint 'D:/zc706_ad9361/zc706_ad9361.runs/system_sysid_rom_0_0_synth_1/system_sysid_rom_0_0.dcp' has been generated.
INFO: [runtcl-4] Executing : report_utilization -file system_sysid_rom_0_0_utilization_synth.rpt -pb system_sysid_rom_0_0_utilization_synth.pb
INFO: [Common 17-206] Exiting Vivado at Fri Dec  5 17:20:38 2025...
